[2018-05-12 12:49:31 -0700] [67440] [CRITICAL] WORKER TIMEOUT (pid:67444)
[2018-05-12 12:49:31 -0700] [67440] [CRITICAL] WORKER TIMEOUT (pid:67450)
[2018-05-12 12:49:31 -0700] [67440] [CRITICAL] WORKER TIMEOUT (pid:67452)
[2018-05-12 13:13:24 -0700] [68011] [CRITICAL] WORKER TIMEOUT (pid:68016)
[2018-05-12 13:13:24 -0700] [68011] [CRITICAL] WORKER TIMEOUT (pid:68017)
[2018-05-12 13:13:24 -0700] [68011] [CRITICAL] WORKER TIMEOUT (pid:68018)
[2018-05-12 13:13:24 -0700] [68011] [CRITICAL] WORKER TIMEOUT (pid:68020)
[2018-05-12 13:13:24 -0700] [68011] [CRITICAL] WORKER TIMEOUT (pid:68022)
[2018-05-12 13:13:24 -0700] [68011] [CRITICAL] WORKER TIMEOUT (pid:68023)
[2018-05-12 13:41:15 -0700] [68599] [CRITICAL] WORKER TIMEOUT (pid:68655)
[2018-05-12 13:41:15 -0700] [68599] [CRITICAL] WORKER TIMEOUT (pid:68656)
[2018-05-12 13:41:15 -0700] [68599] [CRITICAL] WORKER TIMEOUT (pid:68658)
[2018-05-12 13:41:15 -0700] [68599] [CRITICAL] WORKER TIMEOUT (pid:68662)
[2018-05-12 13:41:15 -0700] [68599] [CRITICAL] WORKER TIMEOUT (pid:68664)
[2018-05-12 13:41:15 -0700] [68599] [CRITICAL] WORKER TIMEOUT (pid:68666)
[2018-05-12 13:41:15 -0700] [68599] [CRITICAL] WORKER TIMEOUT (pid:68669)
[2018-05-12 13:41:15 -0700] [68599] [CRITICAL] WORKER TIMEOUT (pid:68670)
[2018-05-12 13:41:15 -0700] [68599] [CRITICAL] WORKER TIMEOUT (pid:68671)
[2018-05-12 14:50:54 -0700] [68599] [CRITICAL] WORKER TIMEOUT (pid:68682)
[2018-05-12 14:50:54 -0700] [68599] [CRITICAL] WORKER TIMEOUT (pid:68683)
[2018-05-12 14:50:54 -0700] [68599] [CRITICAL] WORKER TIMEOUT (pid:68684)
[2018-05-12 14:50:54 -0700] [68599] [CRITICAL] WORKER TIMEOUT (pid:68685)
[2018-05-12 14:50:54 -0700] [68599] [CRITICAL] WORKER TIMEOUT (pid:68686)
[2018-05-12 14:50:54 -0700] [68599] [CRITICAL] WORKER TIMEOUT (pid:68687)
[2018-05-12 14:50:54 -0700] [68599] [CRITICAL] WORKER TIMEOUT (pid:68688)
[2018-05-12 14:50:54 -0700] [68599] [CRITICAL] WORKER TIMEOUT (pid:68689)
[2018-05-12 14:50:54 -0700] [68599] [CRITICAL] WORKER TIMEOUT (pid:68690)
[2018-05-12 15:40:37 -0700] [68599] [CRITICAL] WORKER TIMEOUT (pid:68713)
[2018-05-12 15:40:37 -0700] [68599] [CRITICAL] WORKER TIMEOUT (pid:68715)
[2018-05-12 15:40:37 -0700] [68599] [CRITICAL] WORKER TIMEOUT (pid:68717)
[2018-05-12 15:40:37 -0700] [68599] [CRITICAL] WORKER TIMEOUT (pid:68718)
[2018-05-12 15:40:37 -0700] [68599] [CRITICAL] WORKER TIMEOUT (pid:68719)
[2018-05-12 15:40:37 -0700] [68599] [CRITICAL] WORKER TIMEOUT (pid:68720)
[2018-05-12 15:40:37 -0700] [68599] [CRITICAL] WORKER TIMEOUT (pid:68721)
[2018-05-12 15:40:37 -0700] [68599] [CRITICAL] WORKER TIMEOUT (pid:68722)
[2018-05-12 15:40:37 -0700] [68599] [CRITICAL] WORKER TIMEOUT (pid:68716)
[2018-05-12 16:33:11 -0700] [68599] [CRITICAL] WORKER TIMEOUT (pid:68736)
[2018-05-12 16:33:11 -0700] [68599] [CRITICAL] WORKER TIMEOUT (pid:68738)
[2018-05-12 16:33:11 -0700] [68599] [CRITICAL] WORKER TIMEOUT (pid:68739)
[2018-05-12 16:33:11 -0700] [68599] [CRITICAL] WORKER TIMEOUT (pid:68740)
[2018-05-12 16:33:11 -0700] [68599] [CRITICAL] WORKER TIMEOUT (pid:68741)
[2018-05-12 16:33:11 -0700] [68599] [CRITICAL] WORKER TIMEOUT (pid:68742)
[2018-05-12 16:33:11 -0700] [68599] [CRITICAL] WORKER TIMEOUT (pid:68743)
[2018-05-12 16:33:11 -0700] [68599] [CRITICAL] WORKER TIMEOUT (pid:68734)
[2018-05-12 16:33:11 -0700] [68599] [CRITICAL] WORKER TIMEOUT (pid:68735)
[2018-05-12 21:24:27 -0700] [68599] [CRITICAL] WORKER TIMEOUT (pid:68750)
[2018-05-12 21:24:27 -0700] [68599] [CRITICAL] WORKER TIMEOUT (pid:68751)
[2018-05-12 21:24:27 -0700] [68599] [CRITICAL] WORKER TIMEOUT (pid:68752)
[2018-05-12 21:24:27 -0700] [68599] [CRITICAL] WORKER TIMEOUT (pid:68753)
[2018-05-12 21:24:27 -0700] [68599] [CRITICAL] WORKER TIMEOUT (pid:68755)
[2018-05-12 21:24:27 -0700] [68599] [CRITICAL] WORKER TIMEOUT (pid:68756)
[2018-05-12 21:24:27 -0700] [68599] [CRITICAL] WORKER TIMEOUT (pid:68757)
[2018-05-12 21:24:27 -0700] [68599] [CRITICAL] WORKER TIMEOUT (pid:68758)
[2018-05-12 21:24:27 -0700] [68599] [CRITICAL] WORKER TIMEOUT (pid:68759)
[2018-05-12 21:45:15 -0700] [68599] [CRITICAL] WORKER TIMEOUT (pid:68778)
[2018-05-12 21:45:15 -0700] [68599] [CRITICAL] WORKER TIMEOUT (pid:68779)
[2018-05-12 21:45:15 -0700] [68599] [CRITICAL] WORKER TIMEOUT (pid:68780)
[2018-05-12 21:45:15 -0700] [68599] [CRITICAL] WORKER TIMEOUT (pid:68781)
[2018-05-12 21:45:15 -0700] [68599] [CRITICAL] WORKER TIMEOUT (pid:68782)
[2018-05-12 21:45:15 -0700] [68599] [CRITICAL] WORKER TIMEOUT (pid:68783)
[2018-05-12 21:45:15 -0700] [68599] [CRITICAL] WORKER TIMEOUT (pid:68784)
[2018-05-12 21:45:15 -0700] [68599] [CRITICAL] WORKER TIMEOUT (pid:68785)
[2018-05-12 21:45:15 -0700] [68599] [CRITICAL] WORKER TIMEOUT (pid:68786)
[2018-05-12 22:05:59 -0700] [68599] [CRITICAL] WORKER TIMEOUT (pid:68803)
[2018-05-12 22:05:59 -0700] [68599] [CRITICAL] WORKER TIMEOUT (pid:68804)
[2018-05-12 22:05:59 -0700] [68599] [CRITICAL] WORKER TIMEOUT (pid:68805)
[2018-05-12 22:05:59 -0700] [68599] [CRITICAL] WORKER TIMEOUT (pid:68806)
[2018-05-12 22:05:59 -0700] [68599] [CRITICAL] WORKER TIMEOUT (pid:68807)
[2018-05-12 22:05:59 -0700] [68599] [CRITICAL] WORKER TIMEOUT (pid:68808)
[2018-05-12 22:05:59 -0700] [68599] [CRITICAL] WORKER TIMEOUT (pid:68809)
[2018-05-12 22:05:59 -0700] [68599] [CRITICAL] WORKER TIMEOUT (pid:68810)
[2018-05-12 22:05:59 -0700] [68599] [CRITICAL] WORKER TIMEOUT (pid:68811)
[2018-05-12 22:26:44 -0700] [68599] [CRITICAL] WORKER TIMEOUT (pid:68818)
[2018-05-12 22:26:44 -0700] [68599] [CRITICAL] WORKER TIMEOUT (pid:68820)
[2018-05-12 22:26:44 -0700] [68599] [CRITICAL] WORKER TIMEOUT (pid:68821)
[2018-05-12 22:26:44 -0700] [68599] [CRITICAL] WORKER TIMEOUT (pid:68822)
[2018-05-12 22:26:44 -0700] [68599] [CRITICAL] WORKER TIMEOUT (pid:68823)
[2018-05-12 22:26:44 -0700] [68599] [CRITICAL] WORKER TIMEOUT (pid:68824)
[2018-05-12 22:26:44 -0700] [68599] [CRITICAL] WORKER TIMEOUT (pid:68825)
[2018-05-12 22:26:44 -0700] [68599] [CRITICAL] WORKER TIMEOUT (pid:68826)
[2018-05-12 22:26:44 -0700] [68599] [CRITICAL] WORKER TIMEOUT (pid:68827)
[2018-05-12 22:47:27 -0700] [68599] [CRITICAL] WORKER TIMEOUT (pid:68838)
[2018-05-12 22:47:27 -0700] [68599] [CRITICAL] WORKER TIMEOUT (pid:68839)
[2018-05-12 22:47:27 -0700] [68599] [CRITICAL] WORKER TIMEOUT (pid:68840)
[2018-05-12 22:47:27 -0700] [68599] [CRITICAL] WORKER TIMEOUT (pid:68841)
[2018-05-12 22:47:28 -0700] [68599] [CRITICAL] WORKER TIMEOUT (pid:68842)
[2018-05-12 22:47:28 -0700] [68599] [CRITICAL] WORKER TIMEOUT (pid:68843)
[2018-05-12 22:47:28 -0700] [68599] [CRITICAL] WORKER TIMEOUT (pid:68844)
[2018-05-12 22:47:28 -0700] [68599] [CRITICAL] WORKER TIMEOUT (pid:68845)
[2018-05-12 22:47:28 -0700] [68599] [CRITICAL] WORKER TIMEOUT (pid:68846)
[2018-05-12 23:08:11 -0700] [68599] [CRITICAL] WORKER TIMEOUT (pid:68855)
[2018-05-12 23:08:11 -0700] [68599] [CRITICAL] WORKER TIMEOUT (pid:68856)
[2018-05-12 23:08:11 -0700] [68599] [CRITICAL] WORKER TIMEOUT (pid:68857)
[2018-05-12 23:08:11 -0700] [68599] [CRITICAL] WORKER TIMEOUT (pid:68858)
[2018-05-12 23:08:11 -0700] [68599] [CRITICAL] WORKER TIMEOUT (pid:68859)
[2018-05-12 23:08:11 -0700] [68599] [CRITICAL] WORKER TIMEOUT (pid:68860)
[2018-05-12 23:08:11 -0700] [68599] [CRITICAL] WORKER TIMEOUT (pid:68861)
[2018-05-12 23:08:11 -0700] [68599] [CRITICAL] WORKER TIMEOUT (pid:68862)
[2018-05-12 23:08:11 -0700] [68599] [CRITICAL] WORKER TIMEOUT (pid:68863)
[2018-05-12 23:28:56 -0700] [68599] [CRITICAL] WORKER TIMEOUT (pid:68872)
[2018-05-12 23:28:57 -0700] [68599] [CRITICAL] WORKER TIMEOUT (pid:68873)
[2018-05-12 23:28:57 -0700] [68599] [CRITICAL] WORKER TIMEOUT (pid:68874)
[2018-05-12 23:28:57 -0700] [68599] [CRITICAL] WORKER TIMEOUT (pid:68875)
[2018-05-12 23:28:57 -0700] [68599] [CRITICAL] WORKER TIMEOUT (pid:68876)
[2018-05-12 23:28:57 -0700] [68599] [CRITICAL] WORKER TIMEOUT (pid:68877)
[2018-05-12 23:28:57 -0700] [68599] [CRITICAL] WORKER TIMEOUT (pid:68878)
[2018-05-12 23:28:57 -0700] [68599] [CRITICAL] WORKER TIMEOUT (pid:68879)
[2018-05-12 23:28:57 -0700] [68599] [CRITICAL] WORKER TIMEOUT (pid:68880)
[2018-05-12 23:49:42 -0700] [68599] [CRITICAL] WORKER TIMEOUT (pid:68888)
[2018-05-12 23:49:42 -0700] [68599] [CRITICAL] WORKER TIMEOUT (pid:68889)
[2018-05-12 23:49:42 -0700] [68599] [CRITICAL] WORKER TIMEOUT (pid:68890)
[2018-05-12 23:49:42 -0700] [68599] [CRITICAL] WORKER TIMEOUT (pid:68891)
[2018-05-12 23:49:42 -0700] [68599] [CRITICAL] WORKER TIMEOUT (pid:68892)
[2018-05-12 23:49:42 -0700] [68599] [CRITICAL] WORKER TIMEOUT (pid:68893)
[2018-05-12 23:49:42 -0700] [68599] [CRITICAL] WORKER TIMEOUT (pid:68894)
[2018-05-12 23:49:42 -0700] [68599] [CRITICAL] WORKER TIMEOUT (pid:68895)
[2018-05-12 23:49:42 -0700] [68599] [CRITICAL] WORKER TIMEOUT (pid:68896)
[2018-05-13 00:10:27 -0700] [68599] [CRITICAL] WORKER TIMEOUT (pid:68908)
[2018-05-13 00:10:27 -0700] [68599] [CRITICAL] WORKER TIMEOUT (pid:68909)
[2018-05-13 00:10:27 -0700] [68599] [CRITICAL] WORKER TIMEOUT (pid:68910)
[2018-05-13 00:10:27 -0700] [68599] [CRITICAL] WORKER TIMEOUT (pid:68911)
[2018-05-13 00:10:27 -0700] [68599] [CRITICAL] WORKER TIMEOUT (pid:68912)
[2018-05-13 00:10:27 -0700] [68599] [CRITICAL] WORKER TIMEOUT (pid:68913)
[2018-05-13 00:10:27 -0700] [68599] [CRITICAL] WORKER TIMEOUT (pid:68914)
[2018-05-13 00:10:27 -0700] [68599] [CRITICAL] WORKER TIMEOUT (pid:68915)
[2018-05-13 00:10:27 -0700] [68599] [CRITICAL] WORKER TIMEOUT (pid:68916)
[2018-05-13 00:31:12 -0700] [68599] [CRITICAL] WORKER TIMEOUT (pid:68928)
[2018-05-13 00:31:12 -0700] [68599] [CRITICAL] WORKER TIMEOUT (pid:68929)
[2018-05-13 00:31:12 -0700] [68599] [CRITICAL] WORKER TIMEOUT (pid:68930)
[2018-05-13 00:31:12 -0700] [68599] [CRITICAL] WORKER TIMEOUT (pid:68931)
[2018-05-13 00:31:12 -0700] [68599] [CRITICAL] WORKER TIMEOUT (pid:68932)
[2018-05-13 00:31:12 -0700] [68599] [CRITICAL] WORKER TIMEOUT (pid:68933)
[2018-05-13 00:31:12 -0700] [68599] [CRITICAL] WORKER TIMEOUT (pid:68934)
[2018-05-13 00:31:12 -0700] [68599] [CRITICAL] WORKER TIMEOUT (pid:68935)
[2018-05-13 00:31:12 -0700] [68599] [CRITICAL] WORKER TIMEOUT (pid:68927)
[2018-05-13 00:51:56 -0700] [68599] [CRITICAL] WORKER TIMEOUT (pid:68949)
[2018-05-13 00:51:56 -0700] [68599] [CRITICAL] WORKER TIMEOUT (pid:68950)
[2018-05-13 00:51:56 -0700] [68599] [CRITICAL] WORKER TIMEOUT (pid:68951)
[2018-05-13 00:51:56 -0700] [68599] [CRITICAL] WORKER TIMEOUT (pid:68952)
[2018-05-13 00:51:56 -0700] [68599] [CRITICAL] WORKER TIMEOUT (pid:68953)
[2018-05-13 00:51:56 -0700] [68599] [CRITICAL] WORKER TIMEOUT (pid:68954)
[2018-05-13 00:51:56 -0700] [68599] [CRITICAL] WORKER TIMEOUT (pid:68955)
[2018-05-13 00:51:56 -0700] [68599] [CRITICAL] WORKER TIMEOUT (pid:68956)
[2018-05-13 00:51:56 -0700] [68599] [CRITICAL] WORKER TIMEOUT (pid:68957)
[2018-05-13 01:12:41 -0700] [68599] [CRITICAL] WORKER TIMEOUT (pid:68965)
[2018-05-13 01:12:41 -0700] [68599] [CRITICAL] WORKER TIMEOUT (pid:68966)
[2018-05-13 01:12:41 -0700] [68599] [CRITICAL] WORKER TIMEOUT (pid:68967)
[2018-05-13 01:12:41 -0700] [68599] [CRITICAL] WORKER TIMEOUT (pid:68968)
[2018-05-13 01:12:41 -0700] [68599] [CRITICAL] WORKER TIMEOUT (pid:68969)
[2018-05-13 01:12:41 -0700] [68599] [CRITICAL] WORKER TIMEOUT (pid:68970)
[2018-05-13 01:12:41 -0700] [68599] [CRITICAL] WORKER TIMEOUT (pid:68971)
[2018-05-13 01:12:41 -0700] [68599] [CRITICAL] WORKER TIMEOUT (pid:68972)
[2018-05-13 01:12:41 -0700] [68599] [CRITICAL] WORKER TIMEOUT (pid:68973)
[2018-05-13 01:33:25 -0700] [68599] [CRITICAL] WORKER TIMEOUT (pid:68983)
[2018-05-13 01:33:25 -0700] [68599] [CRITICAL] WORKER TIMEOUT (pid:68984)
[2018-05-13 01:33:25 -0700] [68599] [CRITICAL] WORKER TIMEOUT (pid:68985)
[2018-05-13 01:33:25 -0700] [68599] [CRITICAL] WORKER TIMEOUT (pid:68986)
[2018-05-13 01:33:25 -0700] [68599] [CRITICAL] WORKER TIMEOUT (pid:68987)
[2018-05-13 01:33:25 -0700] [68599] [CRITICAL] WORKER TIMEOUT (pid:68988)
[2018-05-13 01:33:25 -0700] [68599] [CRITICAL] WORKER TIMEOUT (pid:68989)
[2018-05-13 01:33:25 -0700] [68599] [CRITICAL] WORKER TIMEOUT (pid:68990)
[2018-05-13 01:33:25 -0700] [68599] [CRITICAL] WORKER TIMEOUT (pid:68991)
[2018-05-14 11:29:31 -0700] [68599] [CRITICAL] WORKER TIMEOUT (pid:69000)
[2018-05-14 11:29:31 -0700] [68599] [CRITICAL] WORKER TIMEOUT (pid:69001)
[2018-05-14 11:29:31 -0700] [68599] [CRITICAL] WORKER TIMEOUT (pid:69002)
[2018-05-14 11:29:31 -0700] [68599] [CRITICAL] WORKER TIMEOUT (pid:69003)
[2018-05-14 11:29:31 -0700] [68599] [CRITICAL] WORKER TIMEOUT (pid:69004)
[2018-05-14 11:29:31 -0700] [68599] [CRITICAL] WORKER TIMEOUT (pid:69005)
[2018-05-14 11:29:32 -0700] [68599] [CRITICAL] WORKER TIMEOUT (pid:69006)
[2018-05-14 11:29:32 -0700] [68599] [CRITICAL] WORKER TIMEOUT (pid:69007)
[2018-05-14 11:29:32 -0700] [68599] [CRITICAL] WORKER TIMEOUT (pid:69008)
[2018-05-14 11:42:26 -0700] [68599] [CRITICAL] WORKER TIMEOUT (pid:69027)
[2018-05-14 11:42:26 -0700] [68599] [CRITICAL] WORKER TIMEOUT (pid:69030)
[2018-05-14 11:42:26 -0700] [68599] [CRITICAL] WORKER TIMEOUT (pid:69031)
[2018-05-14 11:42:26 -0700] [68599] [CRITICAL] WORKER TIMEOUT (pid:69032)
[2018-05-14 11:42:26 -0700] [68599] [CRITICAL] WORKER TIMEOUT (pid:69033)
[2018-05-14 11:42:26 -0700] [68599] [CRITICAL] WORKER TIMEOUT (pid:69034)
[2018-05-14 11:42:26 -0700] [68599] [CRITICAL] WORKER TIMEOUT (pid:69035)
[2018-05-14 11:42:26 -0700] [68599] [CRITICAL] WORKER TIMEOUT (pid:69036)
[2018-05-14 11:42:26 -0700] [68599] [CRITICAL] WORKER TIMEOUT (pid:69038)
[2018-05-14 14:31:35 -0700] [68599] [CRITICAL] WORKER TIMEOUT (pid:69122)
[2018-05-14 14:31:35 -0700] [68599] [CRITICAL] WORKER TIMEOUT (pid:69123)
[2018-05-14 14:31:35 -0700] [68599] [CRITICAL] WORKER TIMEOUT (pid:69124)
[2018-05-14 14:31:35 -0700] [68599] [CRITICAL] WORKER TIMEOUT (pid:69125)
[2018-05-14 14:31:35 -0700] [68599] [CRITICAL] WORKER TIMEOUT (pid:69126)
[2018-05-14 14:31:35 -0700] [68599] [CRITICAL] WORKER TIMEOUT (pid:69127)
[2018-05-14 14:31:35 -0700] [68599] [CRITICAL] WORKER TIMEOUT (pid:69128)
[2018-05-14 14:31:35 -0700] [68599] [CRITICAL] WORKER TIMEOUT (pid:69129)
[2018-05-14 14:31:35 -0700] [68599] [CRITICAL] WORKER TIMEOUT (pid:69130)
[2018-05-14 17:23:59 -0700] [68599] [CRITICAL] WORKER TIMEOUT (pid:69139)
[2018-05-14 20:24:36 -0700] [68599] [CRITICAL] WORKER TIMEOUT (pid:69208)
[2018-05-14 20:24:36 -0700] [68599] [CRITICAL] WORKER TIMEOUT (pid:69140)
[2018-05-14 20:24:36 -0700] [68599] [CRITICAL] WORKER TIMEOUT (pid:69141)
[2018-05-14 20:24:36 -0700] [68599] [CRITICAL] WORKER TIMEOUT (pid:69142)
[2018-05-14 20:24:36 -0700] [68599] [CRITICAL] WORKER TIMEOUT (pid:69143)
[2018-05-14 20:24:36 -0700] [68599] [CRITICAL] WORKER TIMEOUT (pid:69144)
[2018-05-14 20:24:36 -0700] [68599] [CRITICAL] WORKER TIMEOUT (pid:69145)
[2018-05-14 20:24:36 -0700] [68599] [CRITICAL] WORKER TIMEOUT (pid:69146)
[2018-05-14 20:24:36 -0700] [68599] [CRITICAL] WORKER TIMEOUT (pid:69147)
[2018-05-14 23:22:25 -0700] [68599] [CRITICAL] WORKER TIMEOUT (pid:69214)
[2018-05-14 23:22:25 -0700] [68599] [CRITICAL] WORKER TIMEOUT (pid:69216)
[2018-05-14 23:22:25 -0700] [68599] [CRITICAL] WORKER TIMEOUT (pid:69217)
[2018-05-14 23:22:25 -0700] [68599] [CRITICAL] WORKER TIMEOUT (pid:69218)
[2018-05-14 23:22:25 -0700] [68599] [CRITICAL] WORKER TIMEOUT (pid:69219)
[2018-05-14 23:22:25 -0700] [68599] [CRITICAL] WORKER TIMEOUT (pid:69220)
[2018-05-14 23:22:25 -0700] [68599] [CRITICAL] WORKER TIMEOUT (pid:69221)
[2018-05-14 23:22:25 -0700] [68599] [CRITICAL] WORKER TIMEOUT (pid:69222)
[2018-05-14 23:22:25 -0700] [68599] [CRITICAL] WORKER TIMEOUT (pid:69223)
[2018-05-15 03:02:14 -0700] [68599] [CRITICAL] WORKER TIMEOUT (pid:69248)
[2018-05-15 03:02:15 -0700] [68599] [CRITICAL] WORKER TIMEOUT (pid:69249)
[2018-05-15 03:02:15 -0700] [68599] [CRITICAL] WORKER TIMEOUT (pid:69250)
[2018-05-15 03:02:15 -0700] [68599] [CRITICAL] WORKER TIMEOUT (pid:69252)
[2018-05-15 03:02:15 -0700] [68599] [CRITICAL] WORKER TIMEOUT (pid:69253)
[2018-05-15 03:02:15 -0700] [68599] [CRITICAL] WORKER TIMEOUT (pid:69254)
[2018-05-15 03:02:15 -0700] [68599] [CRITICAL] WORKER TIMEOUT (pid:69255)
[2018-05-15 03:02:15 -0700] [68599] [CRITICAL] WORKER TIMEOUT (pid:69256)
[2018-05-15 03:02:15 -0700] [68599] [CRITICAL] WORKER TIMEOUT (pid:69247)
[2018-05-15 04:50:21 -0700] [68599] [CRITICAL] WORKER TIMEOUT (pid:69282)
[2018-05-15 08:18:55 -0700] [68599] [CRITICAL] WORKER TIMEOUT (pid:69283)
[2018-05-15 08:18:56 -0700] [68599] [CRITICAL] WORKER TIMEOUT (pid:69284)
[2018-05-15 08:18:56 -0700] [68599] [CRITICAL] WORKER TIMEOUT (pid:69285)
[2018-05-15 08:18:56 -0700] [68599] [CRITICAL] WORKER TIMEOUT (pid:69286)
[2018-05-15 08:18:56 -0700] [68599] [CRITICAL] WORKER TIMEOUT (pid:69287)
[2018-05-15 08:18:56 -0700] [68599] [CRITICAL] WORKER TIMEOUT (pid:69288)
[2018-05-15 08:18:56 -0700] [68599] [CRITICAL] WORKER TIMEOUT (pid:69289)
[2018-05-15 08:18:56 -0700] [68599] [CRITICAL] WORKER TIMEOUT (pid:69290)
[2018-05-15 08:18:56 -0700] [68599] [CRITICAL] WORKER TIMEOUT (pid:69304)
[2018-05-15 09:31:10 -0700] [68599] [CRITICAL] WORKER TIMEOUT (pid:69336)
[2018-05-15 09:31:10 -0700] [68599] [CRITICAL] WORKER TIMEOUT (pid:69337)
[2018-05-15 09:31:10 -0700] [68599] [CRITICAL] WORKER TIMEOUT (pid:69338)
[2018-05-15 09:31:10 -0700] [68599] [CRITICAL] WORKER TIMEOUT (pid:69339)
[2018-05-15 09:31:10 -0700] [68599] [CRITICAL] WORKER TIMEOUT (pid:69340)
[2018-05-15 09:31:10 -0700] [68599] [CRITICAL] WORKER TIMEOUT (pid:69341)
[2018-05-15 09:31:10 -0700] [68599] [CRITICAL] WORKER TIMEOUT (pid:69342)
[2018-05-15 09:31:10 -0700] [68599] [CRITICAL] WORKER TIMEOUT (pid:69343)
[2018-05-15 09:31:10 -0700] [68599] [CRITICAL] WORKER TIMEOUT (pid:69344)
[2018-05-15 09:31:59 -0700] [68599] [CRITICAL] WORKER TIMEOUT (pid:69959)
[2018-05-15 09:31:59 -0700] [68599] [CRITICAL] WORKER TIMEOUT (pid:69960)
[2018-05-15 09:31:59 -0700] [68599] [CRITICAL] WORKER TIMEOUT (pid:69961)
[2018-05-15 09:31:59 -0700] [68599] [CRITICAL] WORKER TIMEOUT (pid:69962)
[2018-05-15 09:31:59 -0700] [68599] [CRITICAL] WORKER TIMEOUT (pid:69963)
[2018-05-15 09:31:59 -0700] [68599] [CRITICAL] WORKER TIMEOUT (pid:69964)
[2018-05-15 09:31:59 -0700] [68599] [CRITICAL] WORKER TIMEOUT (pid:69965)
[2018-05-15 09:31:59 -0700] [68599] [CRITICAL] WORKER TIMEOUT (pid:69966)
[2018-05-15 09:31:59 -0700] [68599] [CRITICAL] WORKER TIMEOUT (pid:69967)
[2018-05-15 10:10:28 -0700] [68599] [CRITICAL] WORKER TIMEOUT (pid:69971)
[2018-05-15 10:10:28 -0700] [68599] [CRITICAL] WORKER TIMEOUT (pid:69972)
[2018-05-15 10:10:28 -0700] [68599] [CRITICAL] WORKER TIMEOUT (pid:69973)
[2018-05-15 10:10:28 -0700] [68599] [CRITICAL] WORKER TIMEOUT (pid:69974)
[2018-05-15 10:10:28 -0700] [68599] [CRITICAL] WORKER TIMEOUT (pid:69975)
[2018-05-15 10:10:28 -0700] [68599] [CRITICAL] WORKER TIMEOUT (pid:69976)
[2018-05-15 10:10:28 -0700] [68599] [CRITICAL] WORKER TIMEOUT (pid:69977)
[2018-05-15 10:10:28 -0700] [68599] [CRITICAL] WORKER TIMEOUT (pid:69978)
[2018-05-15 10:10:28 -0700] [68599] [CRITICAL] WORKER TIMEOUT (pid:69979)
[2018-05-15 10:28:35 -0700] [68599] [CRITICAL] WORKER TIMEOUT (pid:70294)
[2018-05-15 10:28:35 -0700] [68599] [CRITICAL] WORKER TIMEOUT (pid:70293)
[2018-05-15 10:28:35 -0700] [68599] [CRITICAL] WORKER TIMEOUT (pid:70295)
[2018-05-15 10:28:35 -0700] [68599] [CRITICAL] WORKER TIMEOUT (pid:70296)
[2018-05-15 10:28:35 -0700] [68599] [CRITICAL] WORKER TIMEOUT (pid:70297)
[2018-05-15 10:28:35 -0700] [68599] [CRITICAL] WORKER TIMEOUT (pid:70298)
[2018-05-15 10:28:35 -0700] [68599] [CRITICAL] WORKER TIMEOUT (pid:70299)
[2018-05-15 10:28:35 -0700] [68599] [CRITICAL] WORKER TIMEOUT (pid:70300)
[2018-05-15 10:28:35 -0700] [68599] [CRITICAL] WORKER TIMEOUT (pid:70292)
[2018-05-15 10:31:51 -0700] [68599] [CRITICAL] WORKER TIMEOUT (pid:70446)
[2018-05-15 10:31:51 -0700] [68599] [CRITICAL] WORKER TIMEOUT (pid:70447)
[2018-05-15 10:31:51 -0700] [68599] [CRITICAL] WORKER TIMEOUT (pid:70448)
[2018-05-15 10:31:51 -0700] [68599] [CRITICAL] WORKER TIMEOUT (pid:70449)
[2018-05-15 10:31:51 -0700] [68599] [CRITICAL] WORKER TIMEOUT (pid:70450)
[2018-05-15 10:31:51 -0700] [68599] [CRITICAL] WORKER TIMEOUT (pid:70451)
[2018-05-15 10:31:51 -0700] [68599] [CRITICAL] WORKER TIMEOUT (pid:70452)
[2018-05-15 10:31:51 -0700] [68599] [CRITICAL] WORKER TIMEOUT (pid:70453)
[2018-05-15 10:31:51 -0700] [68599] [CRITICAL] WORKER TIMEOUT (pid:70454)
[2018-05-15 10:52:57 -0700] [70914] [CRITICAL] WORKER TIMEOUT (pid:70920)
[2018-05-15 10:52:57 -0700] [70914] [CRITICAL] WORKER TIMEOUT (pid:70922)
[2018-05-15 10:52:57 -0700] [70914] [CRITICAL] WORKER TIMEOUT (pid:70923)
[2018-05-15 11:25:33 -0700] [70914] [CRITICAL] WORKER TIMEOUT (pid:71152)
[2018-05-15 11:25:33 -0700] [70914] [CRITICAL] WORKER TIMEOUT (pid:71153)
[2018-05-15 11:25:33 -0700] [70914] [CRITICAL] WORKER TIMEOUT (pid:71155)
[2018-05-15 11:25:33 -0700] [70914] [CRITICAL] WORKER TIMEOUT (pid:71157)
[2018-05-15 11:25:33 -0700] [70914] [CRITICAL] WORKER TIMEOUT (pid:71158)
[2018-05-15 11:25:33 -0700] [70914] [CRITICAL] WORKER TIMEOUT (pid:71159)
[2018-05-15 11:25:33 -0700] [70914] [CRITICAL] WORKER TIMEOUT (pid:71161)
[2018-05-15 11:25:33 -0700] [70914] [CRITICAL] WORKER TIMEOUT (pid:71163)
[2018-05-15 11:25:33 -0700] [70914] [CRITICAL] WORKER TIMEOUT (pid:71164)
[2018-05-15 11:39:39 -0700] [70914] [CRITICAL] WORKER TIMEOUT (pid:71200)
[2018-05-15 11:39:39 -0700] [70914] [CRITICAL] WORKER TIMEOUT (pid:71201)
[2018-05-15 11:39:39 -0700] [70914] [CRITICAL] WORKER TIMEOUT (pid:71193)
[2018-05-15 11:39:39 -0700] [70914] [CRITICAL] WORKER TIMEOUT (pid:71194)
[2018-05-15 11:39:39 -0700] [70914] [CRITICAL] WORKER TIMEOUT (pid:71195)
[2018-05-15 11:39:39 -0700] [70914] [CRITICAL] WORKER TIMEOUT (pid:71196)
[2018-05-15 11:39:39 -0700] [70914] [CRITICAL] WORKER TIMEOUT (pid:71197)
[2018-05-15 11:39:39 -0700] [70914] [CRITICAL] WORKER TIMEOUT (pid:71198)
[2018-05-15 11:39:39 -0700] [70914] [CRITICAL] WORKER TIMEOUT (pid:71199)
[2018-05-15 11:48:54 -0700] [70914] [CRITICAL] WORKER TIMEOUT (pid:71286)
[2018-05-15 11:48:54 -0700] [70914] [CRITICAL] WORKER TIMEOUT (pid:71287)
[2018-05-15 11:48:54 -0700] [70914] [CRITICAL] WORKER TIMEOUT (pid:71289)
[2018-05-15 11:48:54 -0700] [70914] [CRITICAL] WORKER TIMEOUT (pid:71290)
[2018-05-15 11:48:54 -0700] [70914] [CRITICAL] WORKER TIMEOUT (pid:71291)
[2018-05-15 11:48:54 -0700] [70914] [CRITICAL] WORKER TIMEOUT (pid:71292)
[2018-05-15 11:48:54 -0700] [70914] [CRITICAL] WORKER TIMEOUT (pid:71293)
[2018-05-15 11:48:54 -0700] [70914] [CRITICAL] WORKER TIMEOUT (pid:71294)
[2018-05-15 11:48:54 -0700] [70914] [CRITICAL] WORKER TIMEOUT (pid:71295)
[2018-05-15 11:55:49 -0700] [70914] [CRITICAL] WORKER TIMEOUT (pid:71298)
[2018-05-15 11:55:49 -0700] [70914] [CRITICAL] WORKER TIMEOUT (pid:71299)
[2018-05-15 11:55:49 -0700] [70914] [CRITICAL] WORKER TIMEOUT (pid:71300)
[2018-05-15 11:55:49 -0700] [70914] [CRITICAL] WORKER TIMEOUT (pid:71301)
[2018-05-15 11:55:49 -0700] [70914] [CRITICAL] WORKER TIMEOUT (pid:71302)
[2018-05-15 11:55:49 -0700] [70914] [CRITICAL] WORKER TIMEOUT (pid:71304)
[2018-05-15 11:55:49 -0700] [70914] [CRITICAL] WORKER TIMEOUT (pid:71305)
[2018-05-15 11:55:49 -0700] [70914] [CRITICAL] WORKER TIMEOUT (pid:71306)
[2018-05-15 11:55:49 -0700] [70914] [CRITICAL] WORKER TIMEOUT (pid:71307)
[2018-05-15 11:57:12 -0700] [70914] [CRITICAL] WORKER TIMEOUT (pid:71331)
[2018-05-15 11:57:12 -0700] [70914] [CRITICAL] WORKER TIMEOUT (pid:71332)
[2018-05-15 11:57:12 -0700] [70914] [CRITICAL] WORKER TIMEOUT (pid:71333)
[2018-05-15 11:57:12 -0700] [70914] [CRITICAL] WORKER TIMEOUT (pid:71334)
[2018-05-15 11:57:12 -0700] [70914] [CRITICAL] WORKER TIMEOUT (pid:71335)
[2018-05-15 11:57:12 -0700] [70914] [CRITICAL] WORKER TIMEOUT (pid:71336)
[2018-05-15 11:57:12 -0700] [70914] [CRITICAL] WORKER TIMEOUT (pid:71337)
[2018-05-15 11:57:12 -0700] [70914] [CRITICAL] WORKER TIMEOUT (pid:71338)
[2018-05-15 11:57:12 -0700] [70914] [CRITICAL] WORKER TIMEOUT (pid:71339)
[2018-05-15 12:05:14 -0700] [70914] [CRITICAL] WORKER TIMEOUT (pid:71360)
[2018-05-15 12:05:14 -0700] [70914] [CRITICAL] WORKER TIMEOUT (pid:71361)
[2018-05-15 12:05:14 -0700] [70914] [CRITICAL] WORKER TIMEOUT (pid:71362)
[2018-05-15 12:05:14 -0700] [70914] [CRITICAL] WORKER TIMEOUT (pid:71363)
[2018-05-15 12:05:14 -0700] [70914] [CRITICAL] WORKER TIMEOUT (pid:71364)
[2018-05-15 12:05:14 -0700] [70914] [CRITICAL] WORKER TIMEOUT (pid:71365)
[2018-05-15 12:05:14 -0700] [70914] [CRITICAL] WORKER TIMEOUT (pid:71357)
[2018-05-15 12:05:14 -0700] [70914] [CRITICAL] WORKER TIMEOUT (pid:71358)
[2018-05-15 12:05:14 -0700] [70914] [CRITICAL] WORKER TIMEOUT (pid:71359)
[2018-05-15 12:50:57 -0700] [72071] [CRITICAL] WORKER TIMEOUT (pid:72075)
[2018-05-15 12:50:57 -0700] [72071] [CRITICAL] WORKER TIMEOUT (pid:72076)
[2018-05-15 12:50:57 -0700] [72071] [CRITICAL] WORKER TIMEOUT (pid:72077)
[2018-05-15 12:50:57 -0700] [72071] [CRITICAL] WORKER TIMEOUT (pid:72078)
[2018-05-15 12:50:57 -0700] [72071] [CRITICAL] WORKER TIMEOUT (pid:72079)
[2018-05-15 12:50:57 -0700] [72071] [CRITICAL] WORKER TIMEOUT (pid:72080)
[2018-05-15 12:50:57 -0700] [72071] [CRITICAL] WORKER TIMEOUT (pid:72081)
[2018-05-15 12:50:57 -0700] [72071] [CRITICAL] WORKER TIMEOUT (pid:72082)
[2018-05-15 12:50:57 -0700] [72071] [CRITICAL] WORKER TIMEOUT (pid:72083)
[2018-05-15 13:46:09 -0700] [73327] [CRITICAL] WORKER TIMEOUT (pid:73331)
[2018-05-15 13:46:09 -0700] [73327] [CRITICAL] WORKER TIMEOUT (pid:73332)
[2018-05-15 13:46:09 -0700] [73327] [CRITICAL] WORKER TIMEOUT (pid:73333)
[2018-05-15 13:46:09 -0700] [73327] [CRITICAL] WORKER TIMEOUT (pid:73334)
[2018-05-15 13:46:09 -0700] [73327] [CRITICAL] WORKER TIMEOUT (pid:73335)
[2018-05-15 13:46:09 -0700] [73327] [CRITICAL] WORKER TIMEOUT (pid:73336)
[2018-05-15 13:46:09 -0700] [73327] [CRITICAL] WORKER TIMEOUT (pid:73337)
[2018-05-15 13:46:09 -0700] [73327] [CRITICAL] WORKER TIMEOUT (pid:73338)
[2018-05-15 13:46:09 -0700] [73327] [CRITICAL] WORKER TIMEOUT (pid:73339)
[2018-05-15 14:48:19 -0700] [74386] [CRITICAL] WORKER TIMEOUT (pid:74390)
[2018-05-15 14:48:19 -0700] [74386] [CRITICAL] WORKER TIMEOUT (pid:74392)
[2018-05-15 14:48:19 -0700] [74386] [CRITICAL] WORKER TIMEOUT (pid:74393)
[2018-05-15 14:48:19 -0700] [74386] [CRITICAL] WORKER TIMEOUT (pid:74394)
[2018-05-15 14:48:19 -0700] [74386] [CRITICAL] WORKER TIMEOUT (pid:74395)
[2018-05-15 14:48:19 -0700] [74386] [CRITICAL] WORKER TIMEOUT (pid:74396)
[2018-05-15 14:48:19 -0700] [74386] [CRITICAL] WORKER TIMEOUT (pid:74397)
[2018-05-15 14:48:19 -0700] [74386] [CRITICAL] WORKER TIMEOUT (pid:74398)
[2018-05-16 22:33:42 +0000] [29635] [ERROR] Error handling request
Traceback (most recent call last):
  File "/home/ubuntu/.local/lib/python2.7/site-packages/gunicorn/workers/sync.py", line 174, in handle_request
    resp.write_file(respiter)
  File "/home/ubuntu/.local/lib/python2.7/site-packages/gunicorn/http/wsgi.py", line 397, in write_file
    if not self.sendfile(respiter):
  File "/home/ubuntu/.local/lib/python2.7/site-packages/gunicorn/http/wsgi.py", line 387, in sendfile
    sent += sendfile(sockno, fileno, offset + sent, count)
  File "/home/ubuntu/.local/lib/python2.7/site-packages/gunicorn/http/_sendfile.py", line 67, in sendfile
    raise OSError(e, os.strerror(e))
OSError: [Errno 32] Broken pipe
[2018-05-16 23:04:25,591] ERROR in experiment: already_did_exp_hit (1010) {'assignmentId': [u'308Q0PEVBAKXJK2YS1JAWBSSDWMI9R'], 'workerId': [u'A4J4GGMKJ68L0'], 'hitId': [u'3APP19WN72LUJQWBD4BT25SP2MY6GD'], 'mode': [u'live']}
[2018-05-16 23:44:05,005] ERROR in experiment: hit_not_registered_with_ad_server (1018) {'assignmentId': [u'debug'], 'workerId': [u'None'], 'hitId': [u'debug'], 'mode': [u'live']}
[2018-05-16 23:44:31 +0000] [29631] [CRITICAL] WORKER TIMEOUT (pid:29635)
[2018-05-17 01:23:21 +0000] [30559] [CRITICAL] WORKER TIMEOUT (pid:30563)
[2018-05-17 01:23:21 +0000] [30559] [CRITICAL] WORKER TIMEOUT (pid:30566)
[2018-05-17 01:23:23 +0000] [30559] [CRITICAL] WORKER TIMEOUT (pid:30564)
[2018-05-17 01:25:50 +0000] [30559] [CRITICAL] WORKER TIMEOUT (pid:30585)
[2018-05-17 01:26:13,970] ERROR in experiment: already_started_exp (1008) {'assignmentId': [u'3LYA37P8ISU7D87JQOII0X2VT03KB3'], 'workerId': [u'A3L4JI1S352HB8'], 'hitId': [u'3YLTXLH3DGDGTS9RC6SKT5V7CRCHP4'], 'mode': [u'live']}
[2018-05-17 04:59:33 +0000] [31212] [CRITICAL] WORKER TIMEOUT (pid:31219)
[2018-05-17 05:04:13,459] ERROR in experiment: already_started_exp (1008) {'assignmentId': [u'3U088ZLJVM0XOLYQHM4W4R07P49W0L'], 'workerId': [u'A6UFJ075UVPVS'], 'hitId': [u'3EPG8DX9LLX4DZPWB4RB48SH7ISP52'], 'mode': [u'live']}
[2018-05-17 05:06:09 +0000] [31212] [CRITICAL] WORKER TIMEOUT (pid:31217)
[2018-05-17 05:06:09 +0000] [31212] [CRITICAL] WORKER TIMEOUT (pid:31269)
[2018-05-17 05:06:19,994] ERROR in experiment: already_started_exp (1008) {'assignmentId': [u'3E1QT0TDFRGX5FJON9DWWFXHTRNI8N'], 'workerId': [u'A38C75ASWQXR5'], 'hitId': [u'3EPG8DX9LLX4DZPWB4RB48SH7ISP52'], 'mode': [u'live']}
[2018-05-17 05:06:41 +0000] [31212] [CRITICAL] WORKER TIMEOUT (pid:31567)
[2018-05-17 05:13:21 +0000] [31212] [CRITICAL] WORKER TIMEOUT (pid:31566)
[2018-05-17 05:17:46 +0000] [31212] [CRITICAL] WORKER TIMEOUT (pid:31570)
[2018-05-17 05:18:48 +0000] [31212] [CRITICAL] WORKER TIMEOUT (pid:31593)
[2018-05-16 22:56:58 +0000] [30701] [CRITICAL] WORKER TIMEOUT (pid:30730)
[2018-05-16 22:56:58 +0000] [30701] [CRITICAL] WORKER TIMEOUT (pid:30731)
[2018-05-16 22:56:58 +0000] [30701] [CRITICAL] WORKER TIMEOUT (pid:30708)
[2018-05-16 22:56:58 +0000] [30701] [CRITICAL] WORKER TIMEOUT (pid:30709)
[2018-05-17 06:12:09 +0000] [31905] [CRITICAL] WORKER TIMEOUT (pid:31910)
[2018-05-17 06:12:41 +0000] [31905] [CRITICAL] WORKER TIMEOUT (pid:31912)
[2018-05-17 06:12:54,162] ERROR in app: Exception on /apple-touch-icon-120x120.png [GET]
Traceback (most recent call last):
  File "/home/ubuntu/.local/lib/python2.7/site-packages/flask/app.py", line 1982, in wsgi_app
    response = self.full_dispatch_request()
  File "/home/ubuntu/.local/lib/python2.7/site-packages/flask/app.py", line 1614, in full_dispatch_request
    rv = self.handle_user_exception(e)
  File "/home/ubuntu/.local/lib/python2.7/site-packages/flask/app.py", line 1517, in handle_user_exception
    reraise(exc_type, exc_value, tb)
  File "/home/ubuntu/.local/lib/python2.7/site-packages/flask/app.py", line 1612, in full_dispatch_request
    rv = self.dispatch_request()
  File "/home/ubuntu/.local/lib/python2.7/site-packages/flask/app.py", line 1598, in dispatch_request
    return self.view_functions[rule.endpoint](**req.view_args)
  File "/home/ubuntu/.local/lib/python2.7/site-packages/psiturk/experiment.py", line 724, in regularpage
    return render_template(pagename)
  File "/home/ubuntu/.local/lib/python2.7/site-packages/flask/templating.py", line 133, in render_template
    return _render(ctx.app.jinja_env.get_or_select_template(template_name_or_list),
  File "/home/ubuntu/.local/lib/python2.7/site-packages/jinja2/environment.py", line 869, in get_or_select_template
    return self.get_template(template_name_or_list, parent, globals)
  File "/home/ubuntu/.local/lib/python2.7/site-packages/jinja2/environment.py", line 830, in get_template
    return self._load_template(name, self.make_globals(globals))
  File "/home/ubuntu/.local/lib/python2.7/site-packages/jinja2/environment.py", line 804, in _load_template
    template = self.loader.load(self, name, globals)
  File "/home/ubuntu/.local/lib/python2.7/site-packages/jinja2/loaders.py", line 113, in load
    source, filename, uptodate = self.get_source(environment, name)
  File "/home/ubuntu/.local/lib/python2.7/site-packages/flask/templating.py", line 57, in get_source
    return self._get_source_fast(environment, template)
  File "/home/ubuntu/.local/lib/python2.7/site-packages/flask/templating.py", line 85, in _get_source_fast
    raise TemplateNotFound(template)
TemplateNotFound: apple-touch-icon-120x120.png
[2018-05-17 06:12:54,481] ERROR in app: Exception on /apple-touch-icon.png [GET]
Traceback (most recent call last):
  File "/home/ubuntu/.local/lib/python2.7/site-packages/flask/app.py", line 1982, in wsgi_app
    response = self.full_dispatch_request()
  File "/home/ubuntu/.local/lib/python2.7/site-packages/flask/app.py", line 1614, in full_dispatch_request
    rv = self.handle_user_exception(e)
  File "/home/ubuntu/.local/lib/python2.7/site-packages/flask/app.py", line 1517, in handle_user_exception
    reraise(exc_type, exc_value, tb)
  File "/home/ubuntu/.local/lib/python2.7/site-packages/flask/app.py", line 1612, in full_dispatch_request
    rv = self.dispatch_request()
  File "/home/ubuntu/.local/lib/python2.7/site-packages/flask/app.py", line 1598, in dispatch_request
    return self.view_functions[rule.endpoint](**req.view_args)
  File "/home/ubuntu/.local/lib/python2.7/site-packages/psiturk/experiment.py", line 724, in regularpage
    return render_template(pagename)
  File "/home/ubuntu/.local/lib/python2.7/site-packages/flask/templating.py", line 133, in render_template
    return _render(ctx.app.jinja_env.get_or_select_template(template_name_or_list),
  File "/home/ubuntu/.local/lib/python2.7/site-packages/jinja2/environment.py", line 869, in get_or_select_template
    return self.get_template(template_name_or_list, parent, globals)
  File "/home/ubuntu/.local/lib/python2.7/site-packages/jinja2/environment.py", line 830, in get_template
    return self._load_template(name, self.make_globals(globals))
  File "/home/ubuntu/.local/lib/python2.7/site-packages/jinja2/environment.py", line 804, in _load_template
    template = self.loader.load(self, name, globals)
  File "/home/ubuntu/.local/lib/python2.7/site-packages/jinja2/loaders.py", line 113, in load
    source, filename, uptodate = self.get_source(environment, name)
  File "/home/ubuntu/.local/lib/python2.7/site-packages/flask/templating.py", line 57, in get_source
    return self._get_source_fast(environment, template)
  File "/home/ubuntu/.local/lib/python2.7/site-packages/flask/templating.py", line 85, in _get_source_fast
    raise TemplateNotFound(template)
TemplateNotFound: apple-touch-icon.png
[2018-05-17 06:12:54,726] ERROR in app: Exception on /apple-touch-icon-120x120.png [GET]
Traceback (most recent call last):
  File "/home/ubuntu/.local/lib/python2.7/site-packages/flask/app.py", line 1982, in wsgi_app
    response = self.full_dispatch_request()
  File "/home/ubuntu/.local/lib/python2.7/site-packages/flask/app.py", line 1614, in full_dispatch_request
    rv = self.handle_user_exception(e)
  File "/home/ubuntu/.local/lib/python2.7/site-packages/flask/app.py", line 1517, in handle_user_exception
    reraise(exc_type, exc_value, tb)
  File "/home/ubuntu/.local/lib/python2.7/site-packages/flask/app.py", line 1612, in full_dispatch_request
    rv = self.dispatch_request()
  File "/home/ubuntu/.local/lib/python2.7/site-packages/flask/app.py", line 1598, in dispatch_request
    return self.view_functions[rule.endpoint](**req.view_args)
  File "/home/ubuntu/.local/lib/python2.7/site-packages/psiturk/experiment.py", line 724, in regularpage
    return render_template(pagename)
  File "/home/ubuntu/.local/lib/python2.7/site-packages/flask/templating.py", line 133, in render_template
    return _render(ctx.app.jinja_env.get_or_select_template(template_name_or_list),
  File "/home/ubuntu/.local/lib/python2.7/site-packages/jinja2/environment.py", line 869, in get_or_select_template
    return self.get_template(template_name_or_list, parent, globals)
  File "/home/ubuntu/.local/lib/python2.7/site-packages/jinja2/environment.py", line 830, in get_template
    return self._load_template(name, self.make_globals(globals))
  File "/home/ubuntu/.local/lib/python2.7/site-packages/jinja2/environment.py", line 804, in _load_template
    template = self.loader.load(self, name, globals)
  File "/home/ubuntu/.local/lib/python2.7/site-packages/jinja2/loaders.py", line 113, in load
    source, filename, uptodate = self.get_source(environment, name)
  File "/home/ubuntu/.local/lib/python2.7/site-packages/flask/templating.py", line 57, in get_source
    return self._get_source_fast(environment, template)
  File "/home/ubuntu/.local/lib/python2.7/site-packages/flask/templating.py", line 85, in _get_source_fast
    raise TemplateNotFound(template)
TemplateNotFound: apple-touch-icon-120x120.png
[2018-05-17 06:12:54,952] ERROR in app: Exception on /apple-touch-icon.png [GET]
Traceback (most recent call last):
  File "/home/ubuntu/.local/lib/python2.7/site-packages/flask/app.py", line 1982, in wsgi_app
    response = self.full_dispatch_request()
  File "/home/ubuntu/.local/lib/python2.7/site-packages/flask/app.py", line 1614, in full_dispatch_request
    rv = self.handle_user_exception(e)
  File "/home/ubuntu/.local/lib/python2.7/site-packages/flask/app.py", line 1517, in handle_user_exception
    reraise(exc_type, exc_value, tb)
  File "/home/ubuntu/.local/lib/python2.7/site-packages/flask/app.py", line 1612, in full_dispatch_request
    rv = self.dispatch_request()
  File "/home/ubuntu/.local/lib/python2.7/site-packages/flask/app.py", line 1598, in dispatch_request
    return self.view_functions[rule.endpoint](**req.view_args)
  File "/home/ubuntu/.local/lib/python2.7/site-packages/psiturk/experiment.py", line 724, in regularpage
    return render_template(pagename)
  File "/home/ubuntu/.local/lib/python2.7/site-packages/flask/templating.py", line 133, in render_template
    return _render(ctx.app.jinja_env.get_or_select_template(template_name_or_list),
  File "/home/ubuntu/.local/lib/python2.7/site-packages/jinja2/environment.py", line 869, in get_or_select_template
    return self.get_template(template_name_or_list, parent, globals)
  File "/home/ubuntu/.local/lib/python2.7/site-packages/jinja2/environment.py", line 830, in get_template
    return self._load_template(name, self.make_globals(globals))
  File "/home/ubuntu/.local/lib/python2.7/site-packages/jinja2/environment.py", line 804, in _load_template
    template = self.loader.load(self, name, globals)
  File "/home/ubuntu/.local/lib/python2.7/site-packages/jinja2/loaders.py", line 113, in load
    source, filename, uptodate = self.get_source(environment, name)
  File "/home/ubuntu/.local/lib/python2.7/site-packages/flask/templating.py", line 57, in get_source
    return self._get_source_fast(environment, template)
  File "/home/ubuntu/.local/lib/python2.7/site-packages/flask/templating.py", line 85, in _get_source_fast
    raise TemplateNotFound(template)
TemplateNotFound: apple-touch-icon.png
[2018-05-17 06:12:58,241] ERROR in app: Exception on /apple-touch-icon-120x120.png [GET]
Traceback (most recent call last):
  File "/home/ubuntu/.local/lib/python2.7/site-packages/flask/app.py", line 1982, in wsgi_app
    response = self.full_dispatch_request()
  File "/home/ubuntu/.local/lib/python2.7/site-packages/flask/app.py", line 1614, in full_dispatch_request
    rv = self.handle_user_exception(e)
  File "/home/ubuntu/.local/lib/python2.7/site-packages/flask/app.py", line 1517, in handle_user_exception
    reraise(exc_type, exc_value, tb)
  File "/home/ubuntu/.local/lib/python2.7/site-packages/flask/app.py", line 1612, in full_dispatch_request
    rv = self.dispatch_request()
  File "/home/ubuntu/.local/lib/python2.7/site-packages/flask/app.py", line 1598, in dispatch_request
    return self.view_functions[rule.endpoint](**req.view_args)
  File "/home/ubuntu/.local/lib/python2.7/site-packages/psiturk/experiment.py", line 724, in regularpage
    return render_template(pagename)
  File "/home/ubuntu/.local/lib/python2.7/site-packages/flask/templating.py", line 133, in render_template
    return _render(ctx.app.jinja_env.get_or_select_template(template_name_or_list),
  File "/home/ubuntu/.local/lib/python2.7/site-packages/jinja2/environment.py", line 869, in get_or_select_template
    return self.get_template(template_name_or_list, parent, globals)
  File "/home/ubuntu/.local/lib/python2.7/site-packages/jinja2/environment.py", line 830, in get_template
    return self._load_template(name, self.make_globals(globals))
  File "/home/ubuntu/.local/lib/python2.7/site-packages/jinja2/environment.py", line 804, in _load_template
    template = self.loader.load(self, name, globals)
  File "/home/ubuntu/.local/lib/python2.7/site-packages/jinja2/loaders.py", line 113, in load
    source, filename, uptodate = self.get_source(environment, name)
  File "/home/ubuntu/.local/lib/python2.7/site-packages/flask/templating.py", line 57, in get_source
    return self._get_source_fast(environment, template)
  File "/home/ubuntu/.local/lib/python2.7/site-packages/flask/templating.py", line 85, in _get_source_fast
    raise TemplateNotFound(template)
TemplateNotFound: apple-touch-icon-120x120.png
[2018-05-17 06:12:58,496] ERROR in app: Exception on /apple-touch-icon.png [GET]
Traceback (most recent call last):
  File "/home/ubuntu/.local/lib/python2.7/site-packages/flask/app.py", line 1982, in wsgi_app
    response = self.full_dispatch_request()
  File "/home/ubuntu/.local/lib/python2.7/site-packages/flask/app.py", line 1614, in full_dispatch_request
    rv = self.handle_user_exception(e)
  File "/home/ubuntu/.local/lib/python2.7/site-packages/flask/app.py", line 1517, in handle_user_exception
    reraise(exc_type, exc_value, tb)
  File "/home/ubuntu/.local/lib/python2.7/site-packages/flask/app.py", line 1612, in full_dispatch_request
    rv = self.dispatch_request()
  File "/home/ubuntu/.local/lib/python2.7/site-packages/flask/app.py", line 1598, in dispatch_request
    return self.view_functions[rule.endpoint](**req.view_args)
  File "/home/ubuntu/.local/lib/python2.7/site-packages/psiturk/experiment.py", line 724, in regularpage
    return render_template(pagename)
  File "/home/ubuntu/.local/lib/python2.7/site-packages/flask/templating.py", line 133, in render_template
    return _render(ctx.app.jinja_env.get_or_select_template(template_name_or_list),
  File "/home/ubuntu/.local/lib/python2.7/site-packages/jinja2/environment.py", line 869, in get_or_select_template
    return self.get_template(template_name_or_list, parent, globals)
  File "/home/ubuntu/.local/lib/python2.7/site-packages/jinja2/environment.py", line 830, in get_template
    return self._load_template(name, self.make_globals(globals))
  File "/home/ubuntu/.local/lib/python2.7/site-packages/jinja2/environment.py", line 804, in _load_template
    template = self.loader.load(self, name, globals)
  File "/home/ubuntu/.local/lib/python2.7/site-packages/jinja2/loaders.py", line 113, in load
    source, filename, uptodate = self.get_source(environment, name)
  File "/home/ubuntu/.local/lib/python2.7/site-packages/flask/templating.py", line 57, in get_source
    return self._get_source_fast(environment, template)
  File "/home/ubuntu/.local/lib/python2.7/site-packages/flask/templating.py", line 85, in _get_source_fast
    raise TemplateNotFound(template)
TemplateNotFound: apple-touch-icon.png
[2018-05-17 06:12:58,786] ERROR in app: Exception on /apple-touch-icon-120x120.png [GET]
Traceback (most recent call last):
  File "/home/ubuntu/.local/lib/python2.7/site-packages/flask/app.py", line 1982, in wsgi_app
    response = self.full_dispatch_request()
  File "/home/ubuntu/.local/lib/python2.7/site-packages/flask/app.py", line 1614, in full_dispatch_request
    rv = self.handle_user_exception(e)
  File "/home/ubuntu/.local/lib/python2.7/site-packages/flask/app.py", line 1517, in handle_user_exception
    reraise(exc_type, exc_value, tb)
  File "/home/ubuntu/.local/lib/python2.7/site-packages/flask/app.py", line 1612, in full_dispatch_request
    rv = self.dispatch_request()
  File "/home/ubuntu/.local/lib/python2.7/site-packages/flask/app.py", line 1598, in dispatch_request
    return self.view_functions[rule.endpoint](**req.view_args)
  File "/home/ubuntu/.local/lib/python2.7/site-packages/psiturk/experiment.py", line 724, in regularpage
    return render_template(pagename)
  File "/home/ubuntu/.local/lib/python2.7/site-packages/flask/templating.py", line 133, in render_template
    return _render(ctx.app.jinja_env.get_or_select_template(template_name_or_list),
  File "/home/ubuntu/.local/lib/python2.7/site-packages/jinja2/environment.py", line 869, in get_or_select_template
    return self.get_template(template_name_or_list, parent, globals)
  File "/home/ubuntu/.local/lib/python2.7/site-packages/jinja2/environment.py", line 830, in get_template
    return self._load_template(name, self.make_globals(globals))
  File "/home/ubuntu/.local/lib/python2.7/site-packages/jinja2/environment.py", line 804, in _load_template
    template = self.loader.load(self, name, globals)
  File "/home/ubuntu/.local/lib/python2.7/site-packages/jinja2/loaders.py", line 113, in load
    source, filename, uptodate = self.get_source(environment, name)
  File "/home/ubuntu/.local/lib/python2.7/site-packages/flask/templating.py", line 57, in get_source
    return self._get_source_fast(environment, template)
  File "/home/ubuntu/.local/lib/python2.7/site-packages/flask/templating.py", line 85, in _get_source_fast
    raise TemplateNotFound(template)
TemplateNotFound: apple-touch-icon-120x120.png
[2018-05-17 06:12:59,013] ERROR in app: Exception on /apple-touch-icon.png [GET]
Traceback (most recent call last):
  File "/home/ubuntu/.local/lib/python2.7/site-packages/flask/app.py", line 1982, in wsgi_app
    response = self.full_dispatch_request()
  File "/home/ubuntu/.local/lib/python2.7/site-packages/flask/app.py", line 1614, in full_dispatch_request
    rv = self.handle_user_exception(e)
  File "/home/ubuntu/.local/lib/python2.7/site-packages/flask/app.py", line 1517, in handle_user_exception
    reraise(exc_type, exc_value, tb)
  File "/home/ubuntu/.local/lib/python2.7/site-packages/flask/app.py", line 1612, in full_dispatch_request
    rv = self.dispatch_request()
  File "/home/ubuntu/.local/lib/python2.7/site-packages/flask/app.py", line 1598, in dispatch_request
    return self.view_functions[rule.endpoint](**req.view_args)
  File "/home/ubuntu/.local/lib/python2.7/site-packages/psiturk/experiment.py", line 724, in regularpage
    return render_template(pagename)
  File "/home/ubuntu/.local/lib/python2.7/site-packages/flask/templating.py", line 133, in render_template
    return _render(ctx.app.jinja_env.get_or_select_template(template_name_or_list),
  File "/home/ubuntu/.local/lib/python2.7/site-packages/jinja2/environment.py", line 869, in get_or_select_template
    return self.get_template(template_name_or_list, parent, globals)
  File "/home/ubuntu/.local/lib/python2.7/site-packages/jinja2/environment.py", line 830, in get_template
    return self._load_template(name, self.make_globals(globals))
  File "/home/ubuntu/.local/lib/python2.7/site-packages/jinja2/environment.py", line 804, in _load_template
    template = self.loader.load(self, name, globals)
  File "/home/ubuntu/.local/lib/python2.7/site-packages/jinja2/loaders.py", line 113, in load
    source, filename, uptodate = self.get_source(environment, name)
  File "/home/ubuntu/.local/lib/python2.7/site-packages/flask/templating.py", line 57, in get_source
    return self._get_source_fast(environment, template)
  File "/home/ubuntu/.local/lib/python2.7/site-packages/flask/templating.py", line 85, in _get_source_fast
    raise TemplateNotFound(template)
TemplateNotFound: apple-touch-icon.png
[2018-05-17 06:14:39 +0000] [31905] [CRITICAL] WORKER TIMEOUT (pid:31964)
[2018-05-17 06:15:37 +0000] [31905] [CRITICAL] WORKER TIMEOUT (pid:31966)
[2018-05-17 06:17:16 +0000] [31905] [CRITICAL] WORKER TIMEOUT (pid:32281)
[2018-05-17 06:27:31 +0000] [31905] [CRITICAL] WORKER TIMEOUT (pid:31909)
[2018-05-17 06:27:36 +0000] [31905] [CRITICAL] WORKER TIMEOUT (pid:31962)
[2018-05-17 06:28:06 +0000] [31905] [CRITICAL] WORKER TIMEOUT (pid:32286)
[2018-05-17 06:28:45 +0000] [31905] [CRITICAL] WORKER TIMEOUT (pid:32449)
[2018-05-17 06:37:33,513] ERROR in app: Exception on /robots.txt [GET]
Traceback (most recent call last):
  File "/home/ubuntu/.local/lib/python2.7/site-packages/flask/app.py", line 1982, in wsgi_app
    response = self.full_dispatch_request()
  File "/home/ubuntu/.local/lib/python2.7/site-packages/flask/app.py", line 1614, in full_dispatch_request
    rv = self.handle_user_exception(e)
  File "/home/ubuntu/.local/lib/python2.7/site-packages/flask/app.py", line 1517, in handle_user_exception
    reraise(exc_type, exc_value, tb)
  File "/home/ubuntu/.local/lib/python2.7/site-packages/flask/app.py", line 1612, in full_dispatch_request
    rv = self.dispatch_request()
  File "/home/ubuntu/.local/lib/python2.7/site-packages/flask/app.py", line 1598, in dispatch_request
    return self.view_functions[rule.endpoint](**req.view_args)
  File "/home/ubuntu/.local/lib/python2.7/site-packages/psiturk/experiment.py", line 724, in regularpage
    return render_template(pagename)
  File "/home/ubuntu/.local/lib/python2.7/site-packages/flask/templating.py", line 133, in render_template
    return _render(ctx.app.jinja_env.get_or_select_template(template_name_or_list),
  File "/home/ubuntu/.local/lib/python2.7/site-packages/jinja2/environment.py", line 869, in get_or_select_template
    return self.get_template(template_name_or_list, parent, globals)
  File "/home/ubuntu/.local/lib/python2.7/site-packages/jinja2/environment.py", line 830, in get_template
    return self._load_template(name, self.make_globals(globals))
  File "/home/ubuntu/.local/lib/python2.7/site-packages/jinja2/environment.py", line 804, in _load_template
    template = self.loader.load(self, name, globals)
  File "/home/ubuntu/.local/lib/python2.7/site-packages/jinja2/loaders.py", line 113, in load
    source, filename, uptodate = self.get_source(environment, name)
  File "/home/ubuntu/.local/lib/python2.7/site-packages/flask/templating.py", line 57, in get_source
    return self._get_source_fast(environment, template)
  File "/home/ubuntu/.local/lib/python2.7/site-packages/flask/templating.py", line 85, in _get_source_fast
    raise TemplateNotFound(template)
TemplateNotFound: robots.txt
